17:38:10,479 ERROR ~ Failed to collate messages by topic, partition due to: Failed to fetch topic metadata for topic: test123
17:38:10,636 ERROR ~ Failed to collate messages by topic, partition due to: Failed to fetch topic metadata for topic: test123
17:38:10,761 ERROR ~ Failed to collate messages by topic, partition due to: Failed to fetch topic metadata for topic: test123
18:22:01,433 ERROR ~ [ConsumerFetcherThread-jd-group_PC201410251534-1436867793528-4042a3cd-0-0], Error in fetch Name: FetchRequest; Version: 0; CorrelationId: 14780; ClientId: jd-group-ConsumerFetcherThread-jd-group_PC201410251534-1436867793528-4042a3cd-0-0; ReplicaId: -1; MaxWait: 100 ms; MinBytes: 1 bytes; RequestInfo: [test123,1] -> PartitionFetchInfo(0,1048576),[test123,0] -> PartitionFetchInfo(22,1048576)
java.net.ConnectException: Connection refused: connect
	at sun.nio.ch.Net.connect(Native Method)
	at sun.nio.ch.SocketChannelImpl.connect(Unknown Source)
	at kafka.network.BlockingChannel.connect(BlockingChannel.scala:57)
	at kafka.consumer.SimpleConsumer.connect(SimpleConsumer.scala:44)
	at kafka.consumer.SimpleConsumer.reconnect(SimpleConsumer.scala:57)
	at kafka.consumer.SimpleConsumer.liftedTree1$1(SimpleConsumer.scala:79)
	at kafka.consumer.SimpleConsumer.kafka$consumer$SimpleConsumer$$sendRequest(SimpleConsumer.scala:71)
	at kafka.consumer.SimpleConsumer$$anonfun$fetch$1$$anonfun$apply$mcV$sp$1.apply$mcV$sp(SimpleConsumer.scala:109)
	at kafka.consumer.SimpleConsumer$$anonfun$fetch$1$$anonfun$apply$mcV$sp$1.apply(SimpleConsumer.scala:109)
	at kafka.consumer.SimpleConsumer$$anonfun$fetch$1$$anonfun$apply$mcV$sp$1.apply(SimpleConsumer.scala:109)
	at kafka.metrics.KafkaTimer.time(KafkaTimer.scala:33)
	at kafka.consumer.SimpleConsumer$$anonfun$fetch$1.apply$mcV$sp(SimpleConsumer.scala:108)
	at kafka.consumer.SimpleConsumer$$anonfun$fetch$1.apply(SimpleConsumer.scala:108)
	at kafka.consumer.SimpleConsumer$$anonfun$fetch$1.apply(SimpleConsumer.scala:108)
	at kafka.metrics.KafkaTimer.time(KafkaTimer.scala:33)
	at kafka.consumer.SimpleConsumer.fetch(SimpleConsumer.scala:107)
	at kafka.server.AbstractFetcherThread.processFetchRequest(AbstractFetcherThread.scala:96)
	at kafka.server.AbstractFetcherThread.doWork(AbstractFetcherThread.scala:88)
	at kafka.utils.ShutdownableThread.run(ShutdownableThread.scala:51)
19:05:21,621 ERROR ~ [ConsumerFetcherThread-jd-group_PC201410251534-1436940111681-3b6aefff-0-0], Error in fetch Name: FetchRequest; Version: 0; CorrelationId: 177632; ClientId: jd-group-ConsumerFetcherThread-jd-group_PC201410251534-1436940111681-3b6aefff-0-0; ReplicaId: -1; MaxWait: 100 ms; MinBytes: 1 bytes; RequestInfo: [test456,0] -> PartitionFetchInfo(2206,1048576)
java.net.ConnectException: Connection refused: connect
	at sun.nio.ch.Net.connect(Native Method)
	at sun.nio.ch.SocketChannelImpl.connect(Unknown Source)
	at kafka.network.BlockingChannel.connect(BlockingChannel.scala:57)
	at kafka.consumer.SimpleConsumer.connect(SimpleConsumer.scala:44)
	at kafka.consumer.SimpleConsumer.reconnect(SimpleConsumer.scala:57)
	at kafka.consumer.SimpleConsumer.liftedTree1$1(SimpleConsumer.scala:79)
	at kafka.consumer.SimpleConsumer.kafka$consumer$SimpleConsumer$$sendRequest(SimpleConsumer.scala:71)
	at kafka.consumer.SimpleConsumer$$anonfun$fetch$1$$anonfun$apply$mcV$sp$1.apply$mcV$sp(SimpleConsumer.scala:109)
	at kafka.consumer.SimpleConsumer$$anonfun$fetch$1$$anonfun$apply$mcV$sp$1.apply(SimpleConsumer.scala:109)
	at kafka.consumer.SimpleConsumer$$anonfun$fetch$1$$anonfun$apply$mcV$sp$1.apply(SimpleConsumer.scala:109)
	at kafka.metrics.KafkaTimer.time(KafkaTimer.scala:33)
	at kafka.consumer.SimpleConsumer$$anonfun$fetch$1.apply$mcV$sp(SimpleConsumer.scala:108)
	at kafka.consumer.SimpleConsumer$$anonfun$fetch$1.apply(SimpleConsumer.scala:108)
	at kafka.consumer.SimpleConsumer$$anonfun$fetch$1.apply(SimpleConsumer.scala:108)
	at kafka.metrics.KafkaTimer.time(KafkaTimer.scala:33)
	at kafka.consumer.SimpleConsumer.fetch(SimpleConsumer.scala:107)
	at kafka.server.AbstractFetcherThread.processFetchRequest(AbstractFetcherThread.scala:96)
	at kafka.server.AbstractFetcherThread.doWork(AbstractFetcherThread.scala:88)
	at kafka.utils.ShutdownableThread.run(ShutdownableThread.scala:51)
18:18:04,309 ERROR ~ [ConsumerFetcherThread-jd-group_PC201410251534-1438163501409-15c548f4-0-0], Error in fetch Name: FetchRequest; Version: 0; CorrelationId: 15476; ClientId: jd-group-ConsumerFetcherThread-jd-group_PC201410251534-1438163501409-15c548f4-0-0; ReplicaId: -1; MaxWait: 100 ms; MinBytes: 1 bytes; RequestInfo: [test456,0] -> PartitionFetchInfo(2261,1048576)
java.net.ConnectException: Connection refused: connect
	at sun.nio.ch.Net.connect(Native Method)
	at sun.nio.ch.SocketChannelImpl.connect(Unknown Source)
	at kafka.network.BlockingChannel.connect(BlockingChannel.scala:57)
	at kafka.consumer.SimpleConsumer.connect(SimpleConsumer.scala:44)
	at kafka.consumer.SimpleConsumer.reconnect(SimpleConsumer.scala:57)
	at kafka.consumer.SimpleConsumer.liftedTree1$1(SimpleConsumer.scala:79)
	at kafka.consumer.SimpleConsumer.kafka$consumer$SimpleConsumer$$sendRequest(SimpleConsumer.scala:71)
	at kafka.consumer.SimpleConsumer$$anonfun$fetch$1$$anonfun$apply$mcV$sp$1.apply$mcV$sp(SimpleConsumer.scala:109)
	at kafka.consumer.SimpleConsumer$$anonfun$fetch$1$$anonfun$apply$mcV$sp$1.apply(SimpleConsumer.scala:109)
	at kafka.consumer.SimpleConsumer$$anonfun$fetch$1$$anonfun$apply$mcV$sp$1.apply(SimpleConsumer.scala:109)
	at kafka.metrics.KafkaTimer.time(KafkaTimer.scala:33)
	at kafka.consumer.SimpleConsumer$$anonfun$fetch$1.apply$mcV$sp(SimpleConsumer.scala:108)
	at kafka.consumer.SimpleConsumer$$anonfun$fetch$1.apply(SimpleConsumer.scala:108)
	at kafka.consumer.SimpleConsumer$$anonfun$fetch$1.apply(SimpleConsumer.scala:108)
	at kafka.metrics.KafkaTimer.time(KafkaTimer.scala:33)
	at kafka.consumer.SimpleConsumer.fetch(SimpleConsumer.scala:107)
	at kafka.server.AbstractFetcherThread.processFetchRequest(AbstractFetcherThread.scala:96)
	at kafka.server.AbstractFetcherThread.doWork(AbstractFetcherThread.scala:88)
	at kafka.utils.ShutdownableThread.run(ShutdownableThread.scala:51)
